2024-10-03 09:12:41,511 - flappy_bird - INFO - Pygame initialized
2024-10-03 09:12:41,593 - flappy_bird - INFO - Loaded 10 high scores
2024-10-03 09:12:42,016 - flappy_bird - INFO - Game over. Final score: 0
2024-10-03 09:12:42,020 - flappy_bird - INFO - Saved score 0 at 2024-10-03 09:12:42
2024-10-03 09:12:42,031 - flappy_bird - INFO - Loaded 10 high scores
2024-10-03 09:12:42,119 - flappy_bird - INFO - Showing High Score
2024-10-03 09:12:42,932 - flappy_bird - INFO - Showing Hall of Fame
2024-10-03 09:12:43,220 - flappy_bird - INFO - Loaded 10 high scores
2024-10-03 09:12:43,221 - flappy_bird - INFO - Game reset
2024-10-03 09:12:45,518 - flappy_bird - INFO - Score increased to 1
2024-10-03 09:12:46,201 - flappy_bird - INFO - Game over. Final score: 1
2024-10-03 09:12:46,204 - flappy_bird - INFO - Saved score 1 at 2024-10-03 09:12:46
2024-10-03 09:12:46,216 - flappy_bird - INFO - Loaded 10 high scores
2024-10-03 09:12:46,217 - flappy_bird - INFO - Showing High Score
2024-10-03 09:12:47,115 - flappy_bird - INFO - Showing Hall of Fame
2024-10-03 09:12:47,446 - flappy_bird - INFO - Loaded 10 high scores
2024-10-03 09:12:47,446 - flappy_bird - INFO - Game reset
2024-10-03 09:12:49,617 - flappy_bird - INFO - Game over. Final score: 0
2024-10-03 09:12:49,620 - flappy_bird - INFO - Saved score 0 at 2024-10-03 09:12:49
2024-10-03 09:12:49,631 - flappy_bird - INFO - Loaded 10 high scores
2024-10-03 09:12:50,074 - flappy_bird - INFO - Showing High Score
2024-10-03 09:12:50,225 - flappy_bird - INFO - Showing Hall of Fame
2024-10-03 09:12:50,571 - flappy_bird - INFO - Loaded 10 high scores
2024-10-03 09:12:50,572 - flappy_bird - INFO - Game reset
2024-10-03 09:12:52,627 - flappy_bird - INFO - Game over. Final score: 0
2024-10-03 09:12:52,631 - flappy_bird - INFO - Saved score 0 at 2024-10-03 09:12:52
2024-10-03 09:12:52,641 - flappy_bird - INFO - Loaded 10 high scores
2024-10-03 09:12:53,021 - flappy_bird - INFO - Showing High Score
2024-10-03 09:12:53,190 - flappy_bird - INFO - Showing Hall of Fame
2024-10-03 09:12:53,377 - flappy_bird - INFO - Loaded 10 high scores
2024-10-03 09:12:53,377 - flappy_bird - INFO - Game reset
2024-10-03 09:12:55,282 - flappy_bird - INFO - Game over. Final score: 0
2024-10-03 09:12:55,285 - flappy_bird - INFO - Saved score 0 at 2024-10-03 09:12:55
2024-10-03 09:12:55,295 - flappy_bird - INFO - Loaded 10 high scores
2024-10-03 09:12:55,711 - flappy_bird - INFO - Showing High Score
2024-10-03 09:12:55,880 - flappy_bird - INFO - Showing Hall of Fame
2024-10-03 09:12:56,066 - flappy_bird - INFO - Loaded 10 high scores
2024-10-03 09:12:56,067 - flappy_bird - INFO - Game reset
2024-10-03 09:12:56,472 - flappy_bird - INFO - Game over. Final score: 0
2024-10-03 09:12:56,475 - flappy_bird - INFO - Saved score 0 at 2024-10-03 09:12:56
2024-10-03 09:12:56,493 - flappy_bird - INFO - Loaded 10 high scores
2024-10-03 09:12:56,494 - flappy_bird - INFO - Showing High Score
2024-10-03 09:12:56,966 - flappy_bird - INFO - Showing Hall of Fame
2024-10-03 09:12:57,249 - flappy_bird - INFO - Loaded 10 high scores
2024-10-03 09:12:57,249 - flappy_bird - INFO - Game reset
2024-10-03 09:12:59,353 - flappy_bird - INFO - Game over. Final score: 0
2024-10-03 09:12:59,356 - flappy_bird - INFO - Saved score 0 at 2024-10-03 09:12:59
2024-10-03 09:12:59,370 - flappy_bird - INFO - Loaded 10 high scores
2024-10-03 09:13:01,896 - flappy_bird - INFO - Game quit by user
