2024-10-02 23:07:50,146 - flappy_bird - INFO - Pygame initialized
2024-10-02 23:07:50,220 - flappy_bird - INFO - Loaded 45 high scores
2024-10-02 23:07:50,220 - flappy_bird - INFO - Starting new game
2024-10-02 23:07:50,652 - flappy_bird - INFO - Game over. Final score: 0
2024-10-02 23:07:50,655 - flappy_bird - INFO - Saved score 0 at 2024-10-02 23:07:50
2024-10-02 23:07:51,153 - flappy_bird - INFO - Showing High Score
2024-10-02 23:07:51,399 - flappy_bird - INFO - Loaded 46 high scores
2024-10-02 23:07:51,399 - flappy_bird - INFO - Showing Hall of Fame
2024-10-02 23:07:51,732 - flappy_bird - INFO - Game reset
2024-10-02 23:07:52,098 - flappy_bird - DEBUG - Bird flapped
2024-10-02 23:07:52,672 - flappy_bird - DEBUG - Bird flapped
2024-10-02 23:07:53,268 - flappy_bird - DEBUG - Bird flapped
2024-10-02 23:07:53,855 - flappy_bird - DEBUG - Bird flapped
2024-10-02 23:07:54,042 - flappy_bird - INFO - Score increased to 1
2024-10-02 23:07:54,371 - flappy_bird - DEBUG - Bird flapped
2024-10-02 23:07:55,050 - flappy_bird - INFO - Game over. Final score: 1
2024-10-02 23:07:55,052 - flappy_bird - INFO - Saved score 1 at 2024-10-02 23:07:55
2024-10-02 23:07:55,083 - flappy_bird - INFO - Showing High Score
2024-10-02 23:07:55,582 - flappy_bird - INFO - Loaded 47 high scores
2024-10-02 23:07:55,582 - flappy_bird - INFO - Showing Hall of Fame
2024-10-02 23:07:55,897 - flappy_bird - INFO - Game reset
2024-10-02 23:07:56,191 - flappy_bird - DEBUG - Bird flapped
2024-10-02 23:07:56,712 - flappy_bird - DEBUG - Bird flapped
2024-10-02 23:07:57,136 - flappy_bird - DEBUG - Bird flapped
2024-10-02 23:07:57,667 - flappy_bird - DEBUG - Bird flapped
2024-10-02 23:07:57,862 - flappy_bird - INFO - Game over. Final score: 0
2024-10-02 23:07:57,864 - flappy_bird - INFO - Saved score 0 at 2024-10-02 23:07:57
2024-10-02 23:07:58,291 - flappy_bird - INFO - Showing High Score
2024-10-02 23:07:58,476 - flappy_bird - INFO - Loaded 48 high scores
2024-10-02 23:07:58,476 - flappy_bird - INFO - Showing Hall of Fame
2024-10-02 23:07:58,671 - flappy_bird - INFO - Game reset
2024-10-02 23:07:59,053 - flappy_bird - DEBUG - Bird flapped
2024-10-02 23:07:59,614 - flappy_bird - DEBUG - Bird flapped
2024-10-02 23:08:00,081 - flappy_bird - DEBUG - Bird flapped
2024-10-02 23:08:00,426 - flappy_bird - INFO - Game over. Final score: 0
2024-10-02 23:08:00,427 - flappy_bird - INFO - Saved score 0 at 2024-10-02 23:08:00
2024-10-02 23:08:00,810 - flappy_bird - INFO - Showing High Score
2024-10-02 23:08:00,997 - flappy_bird - INFO - Loaded 49 high scores
2024-10-02 23:08:00,997 - flappy_bird - INFO - Showing Hall of Fame
2024-10-02 23:08:01,498 - flappy_bird - INFO - Game reset
2024-10-02 23:08:01,913 - flappy_bird - INFO - Game over. Final score: 0
2024-10-02 23:08:01,915 - flappy_bird - INFO - Saved score 0 at 2024-10-02 23:08:01
2024-10-02 23:08:01,980 - flappy_bird - INFO - Showing High Score
2024-10-02 23:08:02,379 - flappy_bird - INFO - Loaded 50 high scores
2024-10-02 23:08:02,379 - flappy_bird - INFO - Showing Hall of Fame
2024-10-02 23:08:02,591 - flappy_bird - INFO - Game reset
2024-10-02 23:08:02,911 - flappy_bird - DEBUG - Bird flapped
2024-10-02 23:08:03,606 - flappy_bird - DEBUG - Bird flapped
2024-10-02 23:08:04,229 - flappy_bird - DEBUG - Bird flapped
2024-10-02 23:08:04,509 - flappy_bird - INFO - Game over. Final score: 0
2024-10-02 23:08:04,511 - flappy_bird - INFO - Saved score 0 at 2024-10-02 23:08:04
2024-10-02 23:08:04,907 - flappy_bird - INFO - Showing High Score
2024-10-02 23:08:05,109 - flappy_bird - INFO - Loaded 51 high scores
2024-10-02 23:08:05,109 - flappy_bird - INFO - Showing Hall of Fame
2024-10-02 23:08:05,442 - flappy_bird - INFO - Game reset
2024-10-02 23:08:05,827 - flappy_bird - DEBUG - Bird flapped
2024-10-02 23:08:06,271 - flappy_bird - DEBUG - Bird flapped
2024-10-02 23:08:06,753 - flappy_bird - DEBUG - Bird flapped
2024-10-02 23:08:07,347 - flappy_bird - DEBUG - Bird flapped
2024-10-02 23:08:07,564 - flappy_bird - INFO - Game over. Final score: 0
2024-10-02 23:08:07,566 - flappy_bird - INFO - Saved score 0 at 2024-10-02 23:08:07
2024-10-02 23:08:08,034 - flappy_bird - INFO - Showing High Score
2024-10-02 23:08:10,208 - flappy_bird - INFO - Game quit by user
