2024-10-03 00:13:57,966 - flappy_bird - INFO - Pygame initialized
2024-10-03 00:13:58,035 - flappy_bird - INFO - Loaded 10 high scores
2024-10-03 00:13:58,470 - flappy_bird - INFO - Game over. Final score: 0
2024-10-03 00:13:58,472 - flappy_bird - INFO - Saved score 0 at 2024-10-03 00:13:58
2024-10-03 00:14:00,315 - flappy_bird - INFO - Showing High Score
2024-10-03 00:14:01,143 - flappy_bird - INFO - Showing Hall of Fame
2024-10-03 00:14:01,428 - flappy_bird - INFO - Game reset
2024-10-03 00:14:01,776 - flappy_bird - DEBUG - Bird flapped
2024-10-03 00:14:02,442 - flappy_bird - DEBUG - Bird flapped
2024-10-03 00:14:02,872 - flappy_bird - DEBUG - Bird flapped
2024-10-03 00:14:03,186 - flappy_bird - INFO - Game over. Final score: 0
2024-10-03 00:14:03,189 - flappy_bird - INFO - Saved score 0 at 2024-10-03 00:14:03
2024-10-03 00:14:03,599 - flappy_bird - INFO - Showing High Score
2024-10-03 00:14:03,779 - flappy_bird - INFO - Showing Hall of Fame
2024-10-03 00:14:04,093 - flappy_bird - INFO - Game reset
2024-10-03 00:14:04,442 - flappy_bird - DEBUG - Bird flapped
2024-10-03 00:14:05,038 - flappy_bird - DEBUG - Bird flapped
2024-10-03 00:14:05,443 - flappy_bird - DEBUG - Bird flapped
2024-10-03 00:14:06,074 - flappy_bird - DEBUG - Bird flapped
2024-10-03 00:14:06,423 - flappy_bird - INFO - Score increased to 1
2024-10-03 00:14:06,757 - flappy_bird - DEBUG - Bird flapped
2024-10-03 00:14:07,027 - flappy_bird - INFO - Game over. Final score: 1
2024-10-03 00:14:07,030 - flappy_bird - INFO - Saved score 1 at 2024-10-03 00:14:07
2024-10-03 00:14:07,509 - flappy_bird - INFO - Showing High Score
2024-10-03 00:14:08,202 - flappy_bird - INFO - Showing Hall of Fame
2024-10-03 00:14:12,082 - flappy_bird - INFO - Game quit by user
