2024-10-03 10:36:22,372 - flappy_bird - INFO - Pygame initialized
2024-10-03 10:36:22,460 - flappy_bird - INFO - Loaded 10 high scores
2024-10-03 10:36:22,863 - flappy_bird - INFO - Game over. Final score: 0
2024-10-03 10:36:22,867 - flappy_bird - INFO - Saved score 0 at 2024-10-03 10:36:22
2024-10-03 10:36:22,884 - flappy_bird - INFO - Loaded 10 high scores
2024-10-03 10:36:23,531 - flappy_bird - INFO - Showing High Score
2024-10-03 10:36:23,948 - flappy_bird - INFO - Showing Hall of Fame
2024-10-03 10:36:24,896 - flappy_bird - INFO - Loaded 10 high scores
2024-10-03 10:36:24,896 - flappy_bird - INFO - Game reset
2024-10-03 10:36:25,133 - flappy_bird - DEBUG - Bird flapped
2024-10-03 10:36:25,886 - flappy_bird - DEBUG - Bird flapped
2024-10-03 10:36:26,478 - flappy_bird - DEBUG - Bird flapped
2024-10-03 10:36:27,120 - flappy_bird - DEBUG - Bird flapped
2024-10-03 10:36:27,136 - flappy_bird - INFO - Score increased to 1
2024-10-03 10:36:27,472 - flappy_bird - DEBUG - Bird flapped
2024-10-03 10:36:28,113 - flappy_bird - DEBUG - Bird flapped
2024-10-03 10:36:28,194 - flappy_bird - INFO - Score increased to 2
2024-10-03 10:36:28,692 - flappy_bird - DEBUG - Bird flapped
2024-10-03 10:36:29,268 - flappy_bird - INFO - Score increased to 3
2024-10-03 10:36:29,444 - flappy_bird - DEBUG - Bird flapped
2024-10-03 10:36:30,086 - flappy_bird - DEBUG - Bird flapped
2024-10-03 10:36:30,342 - flappy_bird - INFO - Score increased to 4
2024-10-03 10:36:30,583 - flappy_bird - DEBUG - Bird flapped
2024-10-03 10:36:31,063 - flappy_bird - DEBUG - Bird flapped
2024-10-03 10:36:31,400 - flappy_bird - INFO - Score increased to 5
2024-10-03 10:36:31,721 - flappy_bird - DEBUG - Bird flapped
2024-10-03 10:36:32,332 - flappy_bird - DEBUG - Bird flapped
2024-10-03 10:36:32,477 - flappy_bird - INFO - Score increased to 6
2024-10-03 10:36:32,829 - flappy_bird - DEBUG - Bird flapped
2024-10-03 10:36:33,414 - flappy_bird - DEBUG - Bird flapped
2024-10-03 10:36:33,565 - flappy_bird - INFO - Score increased to 7
2024-10-03 10:36:34,108 - flappy_bird - INFO - Game over. Final score: 7
2024-10-03 10:36:34,112 - flappy_bird - INFO - Saved score 7 at 2024-10-03 10:36:34
2024-10-03 10:36:34,122 - flappy_bird - INFO - Loaded 10 high scores
2024-10-03 10:36:34,890 - flappy_bird - INFO - Showing High Score
2024-10-03 10:36:36,149 - flappy_bird - INFO - Showing Hall of Fame
2024-10-03 10:36:44,032 - flappy_bird - INFO - Game quit by user
